<?xml version="1.0" encoding="UTF-8"?>
<testng-results skipped="0" failed="0" total="1" passed="1">
  <reporter-output>
    <line>
      <![CDATA[<div "featureFile">Feature File: features&#x2F;GoogleFooterLinksTest.feature</div>]]>
    </line>
    <line>
      <![CDATA[<div "feature">Feature: Google Footer links Checkup</div>]]>
    </line>
    <line>
      <![CDATA[<div "scenarioOutline">Scenario Outline: Selecting different footer links and checking the corresponding page</div>]]>
    </line>
    <line>
      <![CDATA[<div "result">When  I select &quot;&lt;footerLink_text&gt;&quot; link in the Google footer (passed : 3s)</div>]]>
    </line>
    <line>
      <![CDATA[<div "result">Then  I verified the selected Google page by the existence of the &quot;&lt;linkedPage_text&gt;&quot; text (passed : 0s)</div>]]>
    </line>
    <line>
      <![CDATA[<div "scenario">Scenario Outline: Selecting different footer links and checking the corresponding page</div>]]>
    </line>
    <line>
      <![CDATA[<div "result">Given  I launch the Google home page url (passed : 2s)</div>]]>
    </line>
    <line>
      <![CDATA[<div "result">And  I scroll down to the end of the page (passed : 2s)</div>]]>
    </line>
    <line>
      <![CDATA[<div "result">When  I select &quot;Privacy&quot; link in the Google footer (passed : 3s)</div>]]>
    </line>
    <line>
      <![CDATA[<div "result">Then  I verified the selected Google page by the existence of the &quot;This Privacy Policy is meant to help you&quot; text (passed : 0s)</div>]]>
    </line>
    <line>
      <![CDATA[<div "scenario">Scenario Outline: Selecting different footer links and checking the corresponding page</div>]]>
    </line>
    <line>
      <![CDATA[<div "result">Given  I launch the Google home page url (passed : 2s)</div>]]>
    </line>
    <line>
      <![CDATA[<div "result">And  I scroll down to the end of the page (passed : 2s)</div>]]>
    </line>
    <line>
      <![CDATA[<div "featureFile">Feature File: features&#x2F;ToolsQA.feature</div>]]>
    </line>
    <line>
      <![CDATA[<div "feature">Feature: Title of your feature is ToolsQA</div>]]>
    </line>
    <line>
      <![CDATA[<div "result">When  I select &quot;Terms&quot; link in the Google footer (passed : 7s)</div>]]>
    </line>
    <line>
      <![CDATA[<div "scenario">Scenario: Title of your scenario</div>]]>
    </line>
    <line>
      <![CDATA[<div "result">Then  I verified the selected Google page by the existence of the &quot;Thanks for using our products and services&quot; text (passed : 0s)</div>]]>
    </line>
  </reporter-output>
  <suite name="Default suite" duration-ms="33858" started-at="2018-10-12T03:18:43Z" finished-at="2018-10-12T03:19:17Z">
    <groups>
      <group name="cucumber">
        <method signature="AbstractTestNGCucumberTests.run_cukes()[pri:0, instance:runner_cukes.TestRunner@73846619]" name="run_cukes" class="cucumber.api.testng.AbstractTestNGCucumberTests"/>
      </group> <!-- cucumber -->
    </groups>
    <test name="Default test" duration-ms="33858" started-at="2018-10-12T03:18:43Z" finished-at="2018-10-12T03:19:17Z">
      <class name="runner_cukes.TestRunner">
        <test-method status="PASS" signature="run_cukes()[pri:0, instance:runner_cukes.TestRunner@73846619]" name="run_cukes" duration-ms="33842" started-at="2018-10-11T23:18:43Z" description="Runs Cucumber Features" finished-at="2018-10-11T23:19:17Z">
          <reporter-output>
            <line>
              <![CDATA[<div "featureFile">Feature File: features&#x2F;GoogleFooterLinksTest.feature</div>]]>
            </line>
            <line>
              <![CDATA[<div "feature">Feature: Google Footer links Checkup</div>]]>
            </line>
            <line>
              <![CDATA[<div "scenarioOutline">Scenario Outline: Selecting different footer links and checking the corresponding page</div>]]>
            </line>
            <line>
              <![CDATA[<div "result">When  I select &quot;&lt;footerLink_text&gt;&quot; link in the Google footer (passed : 3s)</div>]]>
            </line>
            <line>
              <![CDATA[<div "result">Then  I verified the selected Google page by the existence of the &quot;&lt;linkedPage_text&gt;&quot; text (passed : 0s)</div>]]>
            </line>
            <line>
              <![CDATA[<div "scenario">Scenario Outline: Selecting different footer links and checking the corresponding page</div>]]>
            </line>
            <line>
              <![CDATA[<div "result">Given  I launch the Google home page url (passed : 2s)</div>]]>
            </line>
            <line>
              <![CDATA[<div "result">And  I scroll down to the end of the page (passed : 2s)</div>]]>
            </line>
            <line>
              <![CDATA[<div "result">When  I select &quot;Privacy&quot; link in the Google footer (passed : 3s)</div>]]>
            </line>
            <line>
              <![CDATA[<div "result">Then  I verified the selected Google page by the existence of the &quot;This Privacy Policy is meant to help you&quot; text (passed : 0s)</div>]]>
            </line>
            <line>
              <![CDATA[<div "scenario">Scenario Outline: Selecting different footer links and checking the corresponding page</div>]]>
            </line>
            <line>
              <![CDATA[<div "result">Given  I launch the Google home page url (passed : 2s)</div>]]>
            </line>
            <line>
              <![CDATA[<div "result">And  I scroll down to the end of the page (passed : 2s)</div>]]>
            </line>
            <line>
              <![CDATA[<div "featureFile">Feature File: features&#x2F;ToolsQA.feature</div>]]>
            </line>
            <line>
              <![CDATA[<div "feature">Feature: Title of your feature is ToolsQA</div>]]>
            </line>
            <line>
              <![CDATA[<div "result">When  I select &quot;Terms&quot; link in the Google footer (passed : 7s)</div>]]>
            </line>
            <line>
              <![CDATA[<div "scenario">Scenario: Title of your scenario</div>]]>
            </line>
            <line>
              <![CDATA[<div "result">Then  I verified the selected Google page by the existence of the &quot;Thanks for using our products and services&quot; text (passed : 0s)</div>]]>
            </line>
          </reporter-output>
        </test-method> <!-- run_cukes -->
      </class> <!-- runner_cukes.TestRunner -->
    </test> <!-- Default test -->
  </suite> <!-- Default suite -->
</testng-results>
