<?xml version="1.0" encoding="UTF-8"?>
<testng-results skipped="0" failed="0" total="2" passed="2">
  <reporter-output>
    <line>
      <![CDATA[<div "featureFile">Feature File: features&#x2F;GoogleFooterLinksTest.feature</div>]]>
    </line>
    <line>
      <![CDATA[<div "feature">Feature: Google Footer links Checkup</div>]]>
    </line>
    <line>
      <![CDATA[<div "scenarioOutline">Scenario Outline: Selecting different footer links and checking the corresponding page</div>]]>
    </line>
    <line>
      <![CDATA[<div "result">When  I select &quot;&lt;footerLink_text&gt;&quot; link in the Google footer (passed : 3s)</div>]]>
    </line>
    <line>
      <![CDATA[<div "result">Then  I verified the selected Google page by the existence of the &quot;&lt;linkedPage_text&gt;&quot; text (passed : 0s)</div>]]>
    </line>
    <line>
      <![CDATA[<div "scenario">Scenario Outline: Selecting different footer links and checking the corresponding page</div>]]>
    </line>
    <line>
      <![CDATA[<div "result">Given  I launch the Google home page url (passed : 2s)</div>]]>
    </line>
    <line>
      <![CDATA[<div "result">And  I scroll down to the end of the page (passed : 2s)</div>]]>
    </line>
    <line>
      <![CDATA[<div "result">When  I select &quot;Privacy&quot; link in the Google footer (passed : 3s)</div>]]>
    </line>
    <line>
      <![CDATA[<div "result">Then  I verified the selected Google page by the existence of the &quot;This Privacy Policy is meant to help you&quot; text (passed : 0s)</div>]]>
    </line>
    <line>
      <![CDATA[<div "scenario">Scenario Outline: Selecting different footer links and checking the corresponding page</div>]]>
    </line>
    <line>
      <![CDATA[<div "result">Given  I launch the Google home page url (passed : 3s)</div>]]>
    </line>
    <line>
      <![CDATA[<div "result">And  I scroll down to the end of the page (passed : 2s)</div>]]>
    </line>
    <line>
      <![CDATA[<div "scenarioOutline">Scenario Outline: Selecting different sublinks on the Google Terms footer link</div>]]>
    </line>
    <line>
      <![CDATA[<div "result">When  I select &quot;Terms&quot; link in the Google footer (passed : 2s)</div>]]>
    </line>
    <line>
      <![CDATA[<div "result">Then  I verified the selected Google page by the existence of the &quot;Thanks for using our products and services&quot; text (passed : 0s)</div>]]>
    </line>
    <line>
      <![CDATA[<div "scenario">Scenario Outline: Selecting different sublinks on the Google Terms footer link</div>]]>
    </line>
    <line>
      <![CDATA[<div "result">Given  I select the Terms link in the Google footer (passed : 2s)</div>]]>
    </line>
    <line>
      <![CDATA[<div "result">When  I click on a specific Terms of Service &quot;&lt;terms_service&gt;&quot; (undefined)</div>]]>
    </line>
    <line>
      <![CDATA[<div "result">Then  I verified the selected &quot;&lt;terms_detail&gt;&quot; Terms detail (undefined)</div>]]>
    </line>
    <line>
      <![CDATA[<div "result">Given  I launch the Google home page url (passed : 2s)</div>]]>
    </line>
    <line>
      <![CDATA[<div "result">And  I scroll down to the end of the page (passed : 0s)</div>]]>
    </line>
    <line>
      <![CDATA[<div "scenario">Scenario Outline: Selecting different sublinks on the Google Terms footer link</div>]]>
    </line>
    <line>
      <![CDATA[<div "result">Given  I select the Terms link in the Google footer (passed : 2s)</div>]]>
    </line>
    <line>
      <![CDATA[<div "result">When  I click on a specific Terms of Service &quot;Using our Services&quot; (undefined)</div>]]>
    </line>
    <line>
      <![CDATA[<div "result">Then  I verified the selected &quot;You must follow any policies made available&quot; Terms detail (undefined)</div>]]>
    </line>
    <line>
      <![CDATA[<div "result">Given  I launch the Google home page url (passed : 3s)</div>]]>
    </line>
    <line>
      <![CDATA[<div "result">And  I scroll down to the end of the page (passed : 0s)</div>]]>
    </line>
    <line>
      <![CDATA[<div "scenario">Scenario Outline: Selecting different sublinks on the Google Terms footer link</div>]]>
    </line>
    <line>
      <![CDATA[<div "result">Given  I select the Terms link in the Google footer (passed : 2s)</div>]]>
    </line>
    <line>
      <![CDATA[<div "result">When  I click on a specific Terms of Service &quot;Your Google Account&quot; (undefined)</div>]]>
    </line>
    <line>
      <![CDATA[<div "result">Then  I verified the selected &quot;You may need a Google Account in order&quot; Terms detail (undefined)</div>]]>
    </line>
    <line>
      <![CDATA[<div "result">Given  I launch the Google home page url (passed : 2s)</div>]]>
    </line>
    <line>
      <![CDATA[<div "result">And  I scroll down to the end of the page (passed : 0s)</div>]]>
    </line>
    <line>
      <![CDATA[<div "scenario">Scenario Outline: Selecting different sublinks on the Google Terms footer link</div>]]>
    </line>
    <line>
      <![CDATA[<div "result">Given  I select the Terms link in the Google footer (passed : 2s)</div>]]>
    </line>
    <line>
      <![CDATA[<div "result">When  I click on a specific Terms of Service &quot;Privacy and Copyright Protection&quot; (undefined)</div>]]>
    </line>
    <line>
      <![CDATA[<div "result">Then  I verified the selected &quot;We respond to notices of alleged copyright infringement&quot; Terms detail (undefined)</div>]]>
    </line>
    <line>
      <![CDATA[<div "result">Given  I launch the Google home page url (passed : 3s)</div>]]>
    </line>
    <line>
      <![CDATA[<div "result">And  I scroll down to the end of the page (passed : 0s)</div>]]>
    </line>
    <line>
      <![CDATA[<div "scenario">Scenario Outline: Selecting different sublinks on the Google Terms footer link</div>]]>
    </line>
    <line>
      <![CDATA[<div "result">Given  I select the Terms link in the Google footer (passed : 3s)</div>]]>
    </line>
    <line>
      <![CDATA[<div "result">When  I click on a specific Terms of Service &quot;Your Content in our Services&quot; (undefined)</div>]]>
    </line>
    <line>
      <![CDATA[<div "result">Then  I verified the selected &quot;you upload, submit, store, send or receive content&quot; Terms detail (undefined)</div>]]>
    </line>
    <line>
      <![CDATA[<div "result">Given  I launch the Google home page url (passed : 2s)</div>]]>
    </line>
    <line>
      <![CDATA[<div "result">And  I scroll down to the end of the page (passed : 0s)</div>]]>
    </line>
    <line>
      <![CDATA[<div "scenario">Scenario Outline: Selecting different sublinks on the Google Terms footer link</div>]]>
    </line>
    <line>
      <![CDATA[<div "result">Given  I select the Terms link in the Google footer (passed : 2s)</div>]]>
    </line>
    <line>
      <![CDATA[<div "result">When  I click on a specific Terms of Service &quot;About Software in our Services&quot; (undefined)</div>]]>
    </line>
    <line>
      <![CDATA[<div "result">Then  I verified the selected &quot;Google gives you a personal, worldwide&quot; Terms detail (undefined)</div>]]>
    </line>
    <line>
      <![CDATA[<div "result">Given  I launch the Google home page url (passed : 2s)</div>]]>
    </line>
    <line>
      <![CDATA[<div "result">And  I scroll down to the end of the page (passed : 0s)</div>]]>
    </line>
    <line>
      <![CDATA[<div "scenario">Scenario Outline: Selecting different sublinks on the Google Terms footer link</div>]]>
    </line>
    <line>
      <![CDATA[<div "result">Given  I select the Terms link in the Google footer (passed : 2s)</div>]]>
    </line>
    <line>
      <![CDATA[<div "result">When  I click on a specific Terms of Service &quot;Modifying and Terminating our Services&quot; (undefined)</div>]]>
    </line>
    <line>
      <![CDATA[<div "result">Then  I verified the selected &quot;We are constantly changing and improving our Services&quot; Terms detail (undefined)</div>]]>
    </line>
    <line>
      <![CDATA[<div "result">Given  I launch the Google home page url (passed : 2s)</div>]]>
    </line>
    <line>
      <![CDATA[<div "result">And  I scroll down to the end of the page (passed : 0s)</div>]]>
    </line>
    <line>
      <![CDATA[<div "scenario">Scenario Outline: Selecting different sublinks on the Google Terms footer link</div>]]>
    </line>
    <line>
      <![CDATA[<div "result">Given  I select the Terms link in the Google footer (passed : 2s)</div>]]>
    </line>
    <line>
      <![CDATA[<div "result">When  I click on a specific Terms of Service &quot;Our Warranties and Disclaimers&quot; (undefined)</div>]]>
    </line>
    <line>
      <![CDATA[<div "result">Then  I verified the selected &quot;We provide our Services using a commercially reasonable level of skill&quot; Terms detail (undefined)</div>]]>
    </line>
    <line>
      <![CDATA[<div "result">Given  I launch the Google home page url (passed : 2s)</div>]]>
    </line>
    <line>
      <![CDATA[<div "result">And  I scroll down to the end of the page (passed : 0s)</div>]]>
    </line>
    <line>
      <![CDATA[<div "scenario">Scenario Outline: Selecting different sublinks on the Google Terms footer link</div>]]>
    </line>
    <line>
      <![CDATA[<div "result">Given  I select the Terms link in the Google footer (passed : 2s)</div>]]>
    </line>
    <line>
      <![CDATA[<div "result">When  I click on a specific Terms of Service &quot;Liability for our Services&quot; (undefined)</div>]]>
    </line>
    <line>
      <![CDATA[<div "result">Then  I verified the selected &quot;TO THE EXTENT PERMITTED BY LAW&quot; Terms detail (undefined)</div>]]>
    </line>
    <line>
      <![CDATA[<div "result">Given  I launch the Google home page url (passed : 2s)</div>]]>
    </line>
    <line>
      <![CDATA[<div "result">And  I scroll down to the end of the page (passed : 0s)</div>]]>
    </line>
    <line>
      <![CDATA[<div "scenario">Scenario Outline: Selecting different sublinks on the Google Terms footer link</div>]]>
    </line>
    <line>
      <![CDATA[<div "result">Given  I select the Terms link in the Google footer (passed : 2s)</div>]]>
    </line>
    <line>
      <![CDATA[<div "result">When  I click on a specific Terms of Service &quot;Business uses of our Services&quot; (undefined)</div>]]>
    </line>
    <line>
      <![CDATA[<div "result">Then  I verified the selected &quot;If you are using our Services on behalf of a business&quot; Terms detail (undefined)</div>]]>
    </line>
    <line>
      <![CDATA[<div "result">Given  I launch the Google home page url (passed : 2s)</div>]]>
    </line>
    <line>
      <![CDATA[<div "result">And  I scroll down to the end of the page (passed : 0s)</div>]]>
    </line>
    <line>
      <![CDATA[<div "scenario">Scenario Outline: Selecting different sublinks on the Google Terms footer link</div>]]>
    </line>
    <line>
      <![CDATA[<div "result">Given  I select the Terms link in the Google footer (passed : 2s)</div>]]>
    </line>
    <line>
      <![CDATA[<div "result">When  I click on a specific Terms of Service &quot;About these Terms&quot; (undefined)</div>]]>
    </line>
    <line>
      <![CDATA[<div "result">Then  I verified the selected &quot;We may modify these terms or any additional terms&quot; Terms detail (undefined)</div>]]>
    </line>
    <line>
      <![CDATA[<div "featureFile">Feature File: features&#x2F;ToolsQA.feature</div>]]>
    </line>
    <line>
      <![CDATA[<div "feature">Feature: Title of your feature is ToolsQA</div>]]>
    </line>
    <line>
      <![CDATA[<div "result">Given  I launch the Google home page url (passed : 3s)</div>]]>
    </line>
    <line>
      <![CDATA[<div "scenario">Scenario: Title of your scenario</div>]]>
    </line>
    <line>
      <![CDATA[<div "result">And  I scroll down to the end of the page (passed : 0s)</div>]]>
    </line>
  </reporter-output>
  <suite name="regression" duration-ms="141409" started-at="2019-07-18T22:58:46Z" finished-at="2019-07-18T23:01:08Z">
    <groups>
      <group name="cucumber">
        <method signature="AbstractTestNGCucumberTests.run_cukes()[pri:0, instance:runner_cukes.TestRunner@78c03f1f]" name="run_cukes" class="cucumber.api.testng.AbstractTestNGCucumberTests"/>
      </group> <!-- cucumber -->
    </groups>
    <test name="cucumber" duration-ms="141409" started-at="2019-07-18T22:58:46Z" finished-at="2019-07-18T23:01:08Z">
      <class name="runner_cukes.TestRunner">
        <test-method status="PASS" signature="run_cukes()[pri:0, instance:runner_cukes.TestRunner@78c03f1f]" name="run_cukes" duration-ms="134405" started-at="2019-07-18T18:58:46Z" description="Runs Cucumber Features" finished-at="2019-07-18T19:01:01Z">
          <reporter-output>
            <line>
              <![CDATA[<div "featureFile">Feature File: features&#x2F;GoogleFooterLinksTest.feature</div>]]>
            </line>
            <line>
              <![CDATA[<div "feature">Feature: Google Footer links Checkup</div>]]>
            </line>
            <line>
              <![CDATA[<div "scenarioOutline">Scenario Outline: Selecting different footer links and checking the corresponding page</div>]]>
            </line>
            <line>
              <![CDATA[<div "result">When  I select &quot;&lt;footerLink_text&gt;&quot; link in the Google footer (passed : 3s)</div>]]>
            </line>
            <line>
              <![CDATA[<div "result">Then  I verified the selected Google page by the existence of the &quot;&lt;linkedPage_text&gt;&quot; text (passed : 0s)</div>]]>
            </line>
            <line>
              <![CDATA[<div "scenario">Scenario Outline: Selecting different footer links and checking the corresponding page</div>]]>
            </line>
            <line>
              <![CDATA[<div "result">Given  I launch the Google home page url (passed : 2s)</div>]]>
            </line>
            <line>
              <![CDATA[<div "result">And  I scroll down to the end of the page (passed : 2s)</div>]]>
            </line>
            <line>
              <![CDATA[<div "result">When  I select &quot;Privacy&quot; link in the Google footer (passed : 3s)</div>]]>
            </line>
            <line>
              <![CDATA[<div "result">Then  I verified the selected Google page by the existence of the &quot;This Privacy Policy is meant to help you&quot; text (passed : 0s)</div>]]>
            </line>
            <line>
              <![CDATA[<div "scenario">Scenario Outline: Selecting different footer links and checking the corresponding page</div>]]>
            </line>
            <line>
              <![CDATA[<div "result">Given  I launch the Google home page url (passed : 3s)</div>]]>
            </line>
            <line>
              <![CDATA[<div "result">And  I scroll down to the end of the page (passed : 2s)</div>]]>
            </line>
            <line>
              <![CDATA[<div "scenarioOutline">Scenario Outline: Selecting different sublinks on the Google Terms footer link</div>]]>
            </line>
            <line>
              <![CDATA[<div "result">When  I select &quot;Terms&quot; link in the Google footer (passed : 2s)</div>]]>
            </line>
            <line>
              <![CDATA[<div "result">Then  I verified the selected Google page by the existence of the &quot;Thanks for using our products and services&quot; text (passed : 0s)</div>]]>
            </line>
            <line>
              <![CDATA[<div "scenario">Scenario Outline: Selecting different sublinks on the Google Terms footer link</div>]]>
            </line>
            <line>
              <![CDATA[<div "result">Given  I select the Terms link in the Google footer (passed : 2s)</div>]]>
            </line>
            <line>
              <![CDATA[<div "result">When  I click on a specific Terms of Service &quot;&lt;terms_service&gt;&quot; (undefined)</div>]]>
            </line>
            <line>
              <![CDATA[<div "result">Then  I verified the selected &quot;&lt;terms_detail&gt;&quot; Terms detail (undefined)</div>]]>
            </line>
            <line>
              <![CDATA[<div "result">Given  I launch the Google home page url (passed : 2s)</div>]]>
            </line>
            <line>
              <![CDATA[<div "result">And  I scroll down to the end of the page (passed : 0s)</div>]]>
            </line>
            <line>
              <![CDATA[<div "scenario">Scenario Outline: Selecting different sublinks on the Google Terms footer link</div>]]>
            </line>
            <line>
              <![CDATA[<div "result">Given  I select the Terms link in the Google footer (passed : 2s)</div>]]>
            </line>
            <line>
              <![CDATA[<div "result">When  I click on a specific Terms of Service &quot;Using our Services&quot; (undefined)</div>]]>
            </line>
            <line>
              <![CDATA[<div "result">Then  I verified the selected &quot;You must follow any policies made available&quot; Terms detail (undefined)</div>]]>
            </line>
            <line>
              <![CDATA[<div "result">Given  I launch the Google home page url (passed : 3s)</div>]]>
            </line>
            <line>
              <![CDATA[<div "result">And  I scroll down to the end of the page (passed : 0s)</div>]]>
            </line>
            <line>
              <![CDATA[<div "scenario">Scenario Outline: Selecting different sublinks on the Google Terms footer link</div>]]>
            </line>
            <line>
              <![CDATA[<div "result">Given  I select the Terms link in the Google footer (passed : 2s)</div>]]>
            </line>
            <line>
              <![CDATA[<div "result">When  I click on a specific Terms of Service &quot;Your Google Account&quot; (undefined)</div>]]>
            </line>
            <line>
              <![CDATA[<div "result">Then  I verified the selected &quot;You may need a Google Account in order&quot; Terms detail (undefined)</div>]]>
            </line>
            <line>
              <![CDATA[<div "result">Given  I launch the Google home page url (passed : 2s)</div>]]>
            </line>
            <line>
              <![CDATA[<div "result">And  I scroll down to the end of the page (passed : 0s)</div>]]>
            </line>
            <line>
              <![CDATA[<div "scenario">Scenario Outline: Selecting different sublinks on the Google Terms footer link</div>]]>
            </line>
            <line>
              <![CDATA[<div "result">Given  I select the Terms link in the Google footer (passed : 2s)</div>]]>
            </line>
            <line>
              <![CDATA[<div "result">When  I click on a specific Terms of Service &quot;Privacy and Copyright Protection&quot; (undefined)</div>]]>
            </line>
            <line>
              <![CDATA[<div "result">Then  I verified the selected &quot;We respond to notices of alleged copyright infringement&quot; Terms detail (undefined)</div>]]>
            </line>
            <line>
              <![CDATA[<div "result">Given  I launch the Google home page url (passed : 3s)</div>]]>
            </line>
            <line>
              <![CDATA[<div "result">And  I scroll down to the end of the page (passed : 0s)</div>]]>
            </line>
            <line>
              <![CDATA[<div "scenario">Scenario Outline: Selecting different sublinks on the Google Terms footer link</div>]]>
            </line>
            <line>
              <![CDATA[<div "result">Given  I select the Terms link in the Google footer (passed : 3s)</div>]]>
            </line>
            <line>
              <![CDATA[<div "result">When  I click on a specific Terms of Service &quot;Your Content in our Services&quot; (undefined)</div>]]>
            </line>
            <line>
              <![CDATA[<div "result">Then  I verified the selected &quot;you upload, submit, store, send or receive content&quot; Terms detail (undefined)</div>]]>
            </line>
            <line>
              <![CDATA[<div "result">Given  I launch the Google home page url (passed : 2s)</div>]]>
            </line>
            <line>
              <![CDATA[<div "result">And  I scroll down to the end of the page (passed : 0s)</div>]]>
            </line>
            <line>
              <![CDATA[<div "scenario">Scenario Outline: Selecting different sublinks on the Google Terms footer link</div>]]>
            </line>
            <line>
              <![CDATA[<div "result">Given  I select the Terms link in the Google footer (passed : 2s)</div>]]>
            </line>
            <line>
              <![CDATA[<div "result">When  I click on a specific Terms of Service &quot;About Software in our Services&quot; (undefined)</div>]]>
            </line>
            <line>
              <![CDATA[<div "result">Then  I verified the selected &quot;Google gives you a personal, worldwide&quot; Terms detail (undefined)</div>]]>
            </line>
            <line>
              <![CDATA[<div "result">Given  I launch the Google home page url (passed : 2s)</div>]]>
            </line>
            <line>
              <![CDATA[<div "result">And  I scroll down to the end of the page (passed : 0s)</div>]]>
            </line>
            <line>
              <![CDATA[<div "scenario">Scenario Outline: Selecting different sublinks on the Google Terms footer link</div>]]>
            </line>
            <line>
              <![CDATA[<div "result">Given  I select the Terms link in the Google footer (passed : 2s)</div>]]>
            </line>
            <line>
              <![CDATA[<div "result">When  I click on a specific Terms of Service &quot;Modifying and Terminating our Services&quot; (undefined)</div>]]>
            </line>
            <line>
              <![CDATA[<div "result">Then  I verified the selected &quot;We are constantly changing and improving our Services&quot; Terms detail (undefined)</div>]]>
            </line>
            <line>
              <![CDATA[<div "result">Given  I launch the Google home page url (passed : 2s)</div>]]>
            </line>
            <line>
              <![CDATA[<div "result">And  I scroll down to the end of the page (passed : 0s)</div>]]>
            </line>
            <line>
              <![CDATA[<div "scenario">Scenario Outline: Selecting different sublinks on the Google Terms footer link</div>]]>
            </line>
            <line>
              <![CDATA[<div "result">Given  I select the Terms link in the Google footer (passed : 2s)</div>]]>
            </line>
            <line>
              <![CDATA[<div "result">When  I click on a specific Terms of Service &quot;Our Warranties and Disclaimers&quot; (undefined)</div>]]>
            </line>
            <line>
              <![CDATA[<div "result">Then  I verified the selected &quot;We provide our Services using a commercially reasonable level of skill&quot; Terms detail (undefined)</div>]]>
            </line>
            <line>
              <![CDATA[<div "result">Given  I launch the Google home page url (passed : 2s)</div>]]>
            </line>
            <line>
              <![CDATA[<div "result">And  I scroll down to the end of the page (passed : 0s)</div>]]>
            </line>
            <line>
              <![CDATA[<div "scenario">Scenario Outline: Selecting different sublinks on the Google Terms footer link</div>]]>
            </line>
            <line>
              <![CDATA[<div "result">Given  I select the Terms link in the Google footer (passed : 2s)</div>]]>
            </line>
            <line>
              <![CDATA[<div "result">When  I click on a specific Terms of Service &quot;Liability for our Services&quot; (undefined)</div>]]>
            </line>
            <line>
              <![CDATA[<div "result">Then  I verified the selected &quot;TO THE EXTENT PERMITTED BY LAW&quot; Terms detail (undefined)</div>]]>
            </line>
            <line>
              <![CDATA[<div "result">Given  I launch the Google home page url (passed : 2s)</div>]]>
            </line>
            <line>
              <![CDATA[<div "result">And  I scroll down to the end of the page (passed : 0s)</div>]]>
            </line>
            <line>
              <![CDATA[<div "scenario">Scenario Outline: Selecting different sublinks on the Google Terms footer link</div>]]>
            </line>
            <line>
              <![CDATA[<div "result">Given  I select the Terms link in the Google footer (passed : 2s)</div>]]>
            </line>
            <line>
              <![CDATA[<div "result">When  I click on a specific Terms of Service &quot;Business uses of our Services&quot; (undefined)</div>]]>
            </line>
            <line>
              <![CDATA[<div "result">Then  I verified the selected &quot;If you are using our Services on behalf of a business&quot; Terms detail (undefined)</div>]]>
            </line>
            <line>
              <![CDATA[<div "result">Given  I launch the Google home page url (passed : 2s)</div>]]>
            </line>
            <line>
              <![CDATA[<div "result">And  I scroll down to the end of the page (passed : 0s)</div>]]>
            </line>
            <line>
              <![CDATA[<div "scenario">Scenario Outline: Selecting different sublinks on the Google Terms footer link</div>]]>
            </line>
            <line>
              <![CDATA[<div "result">Given  I select the Terms link in the Google footer (passed : 2s)</div>]]>
            </line>
            <line>
              <![CDATA[<div "result">When  I click on a specific Terms of Service &quot;About these Terms&quot; (undefined)</div>]]>
            </line>
            <line>
              <![CDATA[<div "result">Then  I verified the selected &quot;We may modify these terms or any additional terms&quot; Terms detail (undefined)</div>]]>
            </line>
            <line>
              <![CDATA[<div "featureFile">Feature File: features&#x2F;ToolsQA.feature</div>]]>
            </line>
            <line>
              <![CDATA[<div "feature">Feature: Title of your feature is ToolsQA</div>]]>
            </line>
            <line>
              <![CDATA[<div "result">Given  I launch the Google home page url (passed : 3s)</div>]]>
            </line>
            <line>
              <![CDATA[<div "scenario">Scenario: Title of your scenario</div>]]>
            </line>
            <line>
              <![CDATA[<div "result">And  I scroll down to the end of the page (passed : 0s)</div>]]>
            </line>
          </reporter-output>
        </test-method> <!-- run_cukes -->
      </class> <!-- runner_cukes.TestRunner -->
      <class name="regression2.RegressionClass2">
        <test-method status="PASS" signature="facebooklogin()[pri:0, instance:regression2.RegressionClass2@63753b6d]" name="facebooklogin" duration-ms="6983" started-at="2019-07-18T19:01:01Z" finished-at="2019-07-18T19:01:08Z">
          <reporter-output>
          </reporter-output>
        </test-method> <!-- facebooklogin -->
      </class> <!-- regression2.RegressionClass2 -->
    </test> <!-- cucumber -->
  </suite> <!-- regression -->
</testng-results>
